d:\projectspz\enginepz\dronengineog\dronengineog\x64\debug\dronengineog.pdb
d:\projectspz\enginepz\dronengineog\dronengineog\x64\debug\dronengineog.idb
d:\projectspz\enginepz\dronengineog\dronengineog\x64\debug\glad.obj
d:\projectspz\enginepz\dronengineog\dronengineog\x64\debug\texture.obj
d:\projectspz\enginepz\dronengineog\dronengineog\x64\debug\renderer.obj
d:\projectspz\enginepz\dronengineog\dronengineog\x64\debug\shader.obj
d:\projectspz\enginepz\dronengineog\dronengineog\x64\debug\vertexbuffer.obj
d:\projectspz\enginepz\dronengineog\dronengineog\x64\debug\vertexarray.obj
d:\projectspz\enginepz\dronengineog\dronengineog\x64\debug\elementbuffer.obj
d:\projectspz\enginepz\dronengineog\dronengineog\x64\debug\objecthandler.obj
d:\projectspz\enginepz\dronengineog\dronengineog\x64\debug\object.obj
d:\projectspz\enginepz\dronengineog\dronengineog\x64\debug\initialization.obj
d:\projectspz\enginepz\dronengineog\dronengineog\x64\debug\filehandler.obj
d:\projectspz\enginepz\dronengineog\dronengineog\x64\debug\entrypoint.obj
d:\projectspz\enginepz\dronengineog\dronengineog\x64\debug\application.obj
d:\projectspz\enginepz\dronengineog\dronengineog\x64\debug\dronengineog.lib
d:\projectspz\enginepz\dronengineog\dronengineog\x64\debug\sandbox.pdb
d:\projectspz\enginepz\dronengineog\dronengineog\x64\debug\dronengineog.tlog\cl.command.1.tlog
d:\projectspz\enginepz\dronengineog\dronengineog\x64\debug\dronengineog.tlog\cl.read.1.tlog
d:\projectspz\enginepz\dronengineog\dronengineog\x64\debug\dronengineog.tlog\cl.write.1.tlog
d:\projectspz\enginepz\dronengineog\dronengineog\x64\debug\dronengineog.tlog\lib-link.read.1.tlog
d:\projectspz\enginepz\dronengineog\dronengineog\x64\debug\dronengineog.tlog\lib-link.write.1.tlog
d:\projectspz\enginepz\dronengineog\dronengineog\x64\debug\dronengineog.tlog\lib.command.1.tlog
